

times in msec
 clock   self+sourced   self:  sourced script
 clock   elapsed:              other lines

000.018  000.018: --- VIM STARTING ---
000.164  000.146: Allocated generic buffers
000.167  000.003: locale set
000.175  000.008: window checked
000.738  000.563: inits 1
000.761  000.023: parsing arguments
000.762  000.001: expanding arguments
000.781  000.019: shell init
001.378  000.597: Termcap init
001.395  000.017: inits 2
001.531  000.136: init highlight
011.250  000.066  000.066: sourcing /data/data/com.termux/files/usr/share/vim/vimfiles/ftdetect/nginx.vim
011.424  009.540  009.474: sourcing /data/data/com.termux/files/usr/share/vim/vim90/filetype.vim
011.561  000.076  000.076: sourcing /data/data/com.termux/files/usr/share/vim/vim90/ftplugin.vim
011.659  000.043  000.043: sourcing /data/data/com.termux/files/usr/share/vim/vim90/indent.vim
013.430  001.381  001.381: sourcing /data/data/com.termux/files/usr/share/vim/vim90/colors/lists/default.vim
013.586  001.725  000.344: sourcing /data/data/com.termux/files/usr/share/vim/vim90/syntax/syncolor.vim
013.706  001.918  000.193: sourcing /data/data/com.termux/files/usr/share/vim/vim90/syntax/synload.vim
013.836  002.115  000.197: sourcing /data/data/com.termux/files/usr/share/vim/vim90/syntax/syntax.vim
014.781  000.354  000.354: sourcing /data/data/com.termux/files/usr/share/vim/vim90/pack/dist/opt/matchit/plugin/matchit.vim
014.825  000.656  000.302: sourcing /data/data/com.termux/files/usr/share/vim/vim90/macros/matchit.vim
014.852  013.273  000.843: sourcing $VIM/vimrc
015.159  000.015  000.015: sourcing /data/data/com.termux/files/usr/share/vim/vim90/filetype.vim
015.235  000.018  000.018: sourcing /data/data/com.termux/files/usr/share/vim/vim90/ftplugin.vim
018.280  002.992  002.992: sourcing /data/data/com.termux/files/home/.vim/autoload/plug.vim
024.658  001.530  001.530: sourcing /data/data/com.termux/files/usr/share/vim/vim90/ftoff.vim
033.502  000.030  000.030: sourcing /data/data/com.termux/files/usr/share/vim/vimfiles/ftdetect/nginx.vim
033.597  006.715  006.685: sourcing /data/data/com.termux/files/usr/share/vim/vim90/filetype.vim
033.668  000.016  000.016: sourcing /data/data/com.termux/files/usr/share/vim/vim90/ftplugin.vim
033.728  000.010  000.010: sourcing /data/data/com.termux/files/usr/share/vim/vim90/indent.vim
034.126  000.161  000.161: sourcing /data/data/com.termux/files/usr/share/vim/vim90/syntax/syncolor.vim
034.259  019.373  007.916: sourcing $HOME/.vimrc
034.263  000.086: sourcing vimrc file(s)
034.685  000.070  000.070: sourcing /data/data/com.termux/files/usr/share/vim/vim90/plugin/getscriptPlugin.vim
034.944  000.240  000.240: sourcing /data/data/com.termux/files/usr/share/vim/vim90/plugin/gzip.vim
035.261  000.296  000.296: sourcing /data/data/com.termux/files/usr/share/vim/vim90/plugin/logiPat.vim
035.326  000.044  000.044: sourcing /data/data/com.termux/files/usr/share/vim/vim90/plugin/manpager.vim
035.557  000.213  000.213: sourcing /data/data/com.termux/files/usr/share/vim/vim90/plugin/matchparen.vim
036.109  000.531  000.531: sourcing /data/data/com.termux/files/usr/share/vim/vim90/plugin/netrwPlugin.vim
036.159  000.013  000.013: sourcing /data/data/com.termux/files/usr/share/vim/vim90/plugin/rrhelper.vim
036.214  000.025  000.025: sourcing /data/data/com.termux/files/usr/share/vim/vim90/plugin/spellfile.vim
036.423  000.179  000.179: sourcing /data/data/com.termux/files/usr/share/vim/vim90/plugin/tarPlugin.vim
036.604  000.147  000.147: sourcing /data/data/com.termux/files/usr/share/vim/vim90/plugin/tohtml.vim
036.804  000.163  000.163: sourcing /data/data/com.termux/files/usr/share/vim/vim90/plugin/vimballPlugin.vim
037.117  000.268  000.268: sourcing /data/data/com.termux/files/usr/share/vim/vim90/plugin/zipPlugin.vim
037.241  000.028  000.028: sourcing /data/data/com.termux/files/usr/share/vim/vim90/pack/dist/opt/matchit/plugin/matchit.vim
037.245  000.765: loading plugins
037.291  000.046: loading packages
037.314  000.023: loading after plugins
037.320  000.006: inits 3
037.436  000.116: reading viminfo
037.449  000.013: setting raw mode
037.496  000.047: start termcap
037.512  000.016: clearing screen
037.645  000.133: opening buffers
037.664  000.019: BufEnter autocommands
037.667  000.003: editing files in windows
037.809  000.142: VimEnter autocommands
037.810  000.001: before starting main loop
038.097  000.287: first screen update
038.099  000.002: --- VIM STARTED ---
